<?xml version="1.0" encoding="UTF-8"?>
<testng-results ignored="0" total="5" passed="5" failed="0" skipped="0">
  <reporter-output>
  </reporter-output>
  <suite started-at="2024-12-29T22:57:04 IST" name="Default suite" finished-at="2024-12-29T22:58:29 IST" duration-ms="84935">
    <groups>
    </groups>
    <test started-at="2024-12-29T22:57:04 IST" name="Default test" finished-at="2024-12-29T22:58:29 IST" duration-ms="84935">
      <class name="com.Scenario1.LoginTest">
        <test-method is-config="true" signature="setUp()[pri:0, instance:com.Scenario1.LoginTest@6e535154]" started-at="2024-12-29T22:57:04 IST" name="setUp" finished-at="2024-12-29T22:57:46 IST" duration-ms="42160" status="PASS">
          <reporter-output>
          </reporter-output>
        </test-method> <!-- setUp -->
        <test-method signature="loginTest(java.lang.String,java.lang.String)[pri:0, instance:com.Scenario1.LoginTest@6e535154]" started-at="2024-12-29T22:57:57 IST" name="loginTest" data-provider="excelLoginData" finished-at="2024-12-29T22:58:03 IST" duration-ms="6301" status="PASS">
          <params>
            <param index="0">
              <value>
                <![CDATA[Admin]]>
              </value>
            </param>
            <param index="1">
              <value>
                <![CDATA[admin123]]>
              </value>
            </param>
          </params>
          <reporter-output>
          </reporter-output>
        </test-method> <!-- loginTest -->
        <test-method signature="loginTest(java.lang.String,java.lang.String)[pri:0, instance:com.Scenario1.LoginTest@6e535154]" started-at="2024-12-29T22:58:03 IST" name="loginTest" data-provider="excelLoginData" finished-at="2024-12-29T22:58:07 IST" duration-ms="4430" status="PASS">
          <params>
            <param index="0">
              <value>
                <![CDATA[rocky]]>
              </value>
            </param>
            <param index="1">
              <value>
                <![CDATA[rock123]]>
              </value>
            </param>
          </params>
          <reporter-output>
          </reporter-output>
        </test-method> <!-- loginTest -->
        <test-method signature="loginTest(java.lang.String,java.lang.String)[pri:0, instance:com.Scenario1.LoginTest@6e535154]" started-at="2024-12-29T22:58:07 IST" name="loginTest" data-provider="excelLoginData" finished-at="2024-12-29T22:58:12 IST" duration-ms="4404" status="PASS">
          <params>
            <param index="0">
              <value>
                <![CDATA[starage]]>
              </value>
            </param>
            <param index="1">
              <value>
                <![CDATA[123admin]]>
              </value>
            </param>
          </params>
          <reporter-output>
          </reporter-output>
        </test-method> <!-- loginTest -->
        <test-method signature="loginTest(java.lang.String,java.lang.String)[pri:0, instance:com.Scenario1.LoginTest@6e535154]" started-at="2024-12-29T22:58:12 IST" name="loginTest" data-provider="excelLoginData" finished-at="2024-12-29T22:58:14 IST" duration-ms="2615" status="PASS">
          <params>
            <param index="0">
              <value>
                <![CDATA[shinestar]]>
              </value>
            </param>
            <param index="1">
              <value>
                <![CDATA[123admin]]>
              </value>
            </param>
          </params>
          <reporter-output>
          </reporter-output>
        </test-method> <!-- loginTest -->
        <test-method signature="loginTest(java.lang.String,java.lang.String)[pri:0, instance:com.Scenario1.LoginTest@6e535154]" started-at="2024-12-29T22:58:14 IST" name="loginTest" data-provider="excelLoginData" finished-at="2024-12-29T22:58:17 IST" duration-ms="2395" status="PASS">
          <params>
            <param index="0">
              <value>
                <![CDATA[oranage]]>
              </value>
            </param>
            <param index="1">
              <value>
                <![CDATA[admin123]]>
              </value>
            </param>
          </params>
          <reporter-output>
          </reporter-output>
        </test-method> <!-- loginTest -->
        <test-method is-config="true" signature="tearDown()[pri:0, instance:com.Scenario1.LoginTest@6e535154]" started-at="2024-12-29T22:58:17 IST" name="tearDown" finished-at="2024-12-29T22:58:29 IST" duration-ms="12071" status="PASS">
          <reporter-output>
          </reporter-output>
        </test-method> <!-- tearDown -->
      </class> <!-- com.Scenario1.LoginTest -->
    </test> <!-- Default test -->
  </suite> <!-- Default suite -->
</testng-results>
