<?xml version="1.0" encoding="UTF-8"?>
<!-- Generated by org.testng.reporters.JUnitXMLReporter -->
<testsuite ignored="0" hostname="Karishma-VAIO" failures="0" tests="5" name="Default test" time="84.935" errors="0" timestamp="2024-12-29T22:58:30 IST">
  <testcase classname="com.Scenario1.LoginTest" name="loginTest" time="6.301"/>
  <testcase classname="com.Scenario1.LoginTest" name="loginTest" time="4.43"/>
  <testcase classname="com.Scenario1.LoginTest" name="loginTest" time="4.404"/>
  <testcase classname="com.Scenario1.LoginTest" name="loginTest" time="2.615"/>
  <testcase classname="com.Scenario1.LoginTest" name="loginTest" time="2.395"/>
</testsuite> <!-- Default test -->
